-------------------------------------------------------------------------------
Test set: Test_Add_Product_To_Cart
-------------------------------------------------------------------------------
Tests run: 4, Failures: 1, Errors: 2, Skipped: 0, Time elapsed: 24.657 s <<< FAILURE! - in Test_Add_Product_To_Cart
searchProduct  Time elapsed: 0.252 s  <<< ERROR!
org.openqa.selenium.NoSuchElementException: 
no such element: Unable to locate element: {"method":"css selector","selector":"#productFilterOpenButton"}
  (Session info: chrome=99.0.4844.84)
For documentation on this error, please visit: https://selenium.dev/exceptions/#no_such_element
Build info: version: '4.1.2', revision: '9a5a329c5a'
System info: host: 'DESKTOP-26AO6TQ', ip: '192.168.1.55', os.name: 'Windows 10', os.arch: 'amd64', os.version: '10.0', java.version: '17.0.2'
Driver info: org.openqa.selenium.chrome.ChromeDriver
Command: [10ee8c0adaddb972d97b54b6842fcbb9, findElement {using=id, value=productFilterOpenButton}]
Capabilities {acceptInsecureCerts: false, browserName: chrome, browserVersion: 99.0.4844.84, chrome: {chromedriverVersion: 99.0.4844.51 (d537ec02474b5..., userDataDir: C:\Users\pc\AppData\Local\T...}, goog:chromeOptions: {debuggerAddress: localhost:60725}, javascriptEnabled: true, networkConnectionEnabled: false, pageLoadStrategy: normal, platform: WINDOWS, platformName: WINDOWS, proxy: Proxy(), se:cdp: ws://localhost:60725/devtoo..., se:cdpVersion: 99.0.4844.84, setWindowRect: true, strictFileInteractability: false, timeouts: {implicit: 0, pageLoad: 300000, script: 30000}, unhandledPromptBehavior: dismiss and notify, webauthn:extension:credBlob: true, webauthn:extension:largeBlob: true, webauthn:virtualAuthenticators: true}
Session ID: 10ee8c0adaddb972d97b54b6842fcbb9
	at Test_Add_Product_To_Cart.searchProduct(Test_Add_Product_To_Cart.java:20)

addProductToCard  Time elapsed: 2.077 s  <<< ERROR!
org.openqa.selenium.NoSuchElementException: 
no such element: Unable to locate element: {"method":"css selector","selector":".o\-header__userInfo\-\-count"}
  (Session info: chrome=99.0.4844.84)
For documentation on this error, please visit: https://selenium.dev/exceptions/#no_such_element
Build info: version: '4.1.2', revision: '9a5a329c5a'
System info: host: 'DESKTOP-26AO6TQ', ip: '192.168.1.55', os.name: 'Windows 10', os.arch: 'amd64', os.version: '10.0', java.version: '17.0.2'
Driver info: org.openqa.selenium.chrome.ChromeDriver
Command: [10ee8c0adaddb972d97b54b6842fcbb9, findElement {using=css selector, value=.o\-header__userInfo\-\-count}]
Capabilities {acceptInsecureCerts: false, browserName: chrome, browserVersion: 99.0.4844.84, chrome: {chromedriverVersion: 99.0.4844.51 (d537ec02474b5..., userDataDir: C:\Users\pc\AppData\Local\T...}, goog:chromeOptions: {debuggerAddress: localhost:60725}, javascriptEnabled: true, networkConnectionEnabled: false, pageLoadStrategy: normal, platform: WINDOWS, platformName: WINDOWS, proxy: Proxy(), se:cdp: ws://localhost:60725/devtoo..., se:cdpVersion: 99.0.4844.84, setWindowRect: true, strictFileInteractability: false, timeouts: {implicit: 0, pageLoad: 300000, script: 30000}, unhandledPromptBehavior: dismiss and notify, webauthn:extension:credBlob: true, webauthn:extension:largeBlob: true, webauthn:virtualAuthenticators: true}
Session ID: 10ee8c0adaddb972d97b54b6842fcbb9
	at Test_Add_Product_To_Cart.addProductToCard(Test_Add_Product_To_Cart.java:36)

goToCard  Time elapsed: 11.835 s  <<< FAILURE!
org.opentest4j.AssertionFailedError: Product was not added to card! ==> expected: <true> but was: <false>
	at Test_Add_Product_To_Cart.goToCard(Test_Add_Product_To_Cart.java:44)

